This is pdfTeX, Version 3.141592653-2.6-1.40.26 (MiKTeX 24.3.31) (preloaded format=pdflatex 2024.4.23)  30 MAY 2025 19:53
entering extended mode
 restricted \write18 enabled.
 file:line:error style messages enabled.
 %&-line parsing enabled.
**c:/Users/genna/Desktop/statistical_project/report/report.tex
(c:/Users/genna/Desktop/statistical_project/report/report.tex
LaTeX2e <2023-11-01> patch level 1
L3 programming layer <2024-03-14>
(C:\Users\genna\AppData\Local\Programs\MiKTeX\tex/latex/base\report.cls
Document Class: report 2023/05/17 v1.4n Standard LaTeX document class
(C:\Users\genna\AppData\Local\Programs\MiKTeX\tex/latex/base\size10.clo
File: size10.clo 2023/05/17 v1.4n Standard LaTeX file (size option)
)
\c@part=\count188
\c@chapter=\count189
\c@section=\count190
\c@subsection=\count191
\c@subsubsection=\count192
\c@paragraph=\count193
\c@subparagraph=\count194
\c@figure=\count195
\c@table=\count196
\abovecaptionskip=\skip48
\belowcaptionskip=\skip49
\bibindent=\dimen140
) (C:\Users\genna\AppData\Local\Programs\MiKTeX\tex/latex/base\inputenc.sty
Package: inputenc 2021/02/14 v1.3d Input encoding file
\inpenc@prehook=\toks17
\inpenc@posthook=\toks18
) (C:\Users\genna\AppData\Local\Programs\MiKTeX\tex/generic/babel\babel.sty
Package: babel 2024/03/29 v24.3 The Babel package
\babel@savecnt=\count197
\U@D=\dimen141
\l@unhyphenated=\language79
 (C:\Users\genna\AppData\Local\Programs\MiKTeX\tex/generic/babel\txtbabel.def)
\bbl@readstream=\read2
\bbl@dirlevel=\count198

*************************************
* Local config file bblopts.cfg used
*
(C:\Users\genna\AppData\Local\Programs\MiKTeX\tex/latex/arabi\bblopts.cfg
File: bblopts.cfg 2005/09/08 v0.1 add Arabic and Farsi to "declared" options of babel
) (C:\Users\genna\AppData\Local\Programs\MiKTeX\tex/latex/babel-italian\italian.ldf
Language: italian 2024/01/03 v.1.5.00 Italian support for the babel system
\it@lettering=\count199
\it@doublequoteactive=\count266
\it@ISOcompliance=\count267
) (C:\Users\genna\AppData\Local\Programs\MiKTeX\tex/latex/babel-english\english.ldf
Language: english 2017/06/06 v3.3r English support from the babel system
Package babel Info: Hyphen rules for 'canadian' set to \l@english
(babel)             (\language0). Reported on input line 102.
Package babel Info: Hyphen rules for 'australian' set to \l@ukenglish
(babel)             (\language73). Reported on input line 105.
Package babel Info: Hyphen rules for 'newzealand' set to \l@ukenglish
(babel)             (\language73). Reported on input line 108.
)) (C:\Users\genna\AppData\Local\Programs\MiKTeX\tex/generic/babel/locale/en\babel-english.tex
Package babel Info: Importing font and identification data for english
(babel)             from babel-en.ini. Reported on input line 11.
) (C:\Users\genna\AppData\Local\Programs\MiKTeX\tex/generic/babel/locale/it\babel-italian.tex
Package babel Info: Importing font and identification data for italian
(babel)             from babel-it.ini. Reported on input line 11.
) (C:\Users\genna\AppData\Local\Programs\MiKTeX\tex/latex/etoolbox\etoolbox.sty
Package: etoolbox 2020/10/05 v2.5k e-TeX tools for LaTeX (JAW)
\etb@tempcnta=\count268
) (C:\Users\genna\AppData\Local\Programs\MiKTeX\tex/latex/graphics\graphicx.sty
Package: graphicx 2021/09/16 v1.2d Enhanced LaTeX Graphics (DPC,SPQR)
 (C:\Users\genna\AppData\Local\Programs\MiKTeX\tex/latex/graphics\keyval.sty
Package: keyval 2022/05/29 v1.15 key=value parser (DPC)
\KV@toks@=\toks19
) (C:\Users\genna\AppData\Local\Programs\MiKTeX\tex/latex/graphics\graphics.sty
Package: graphics 2022/03/10 v1.4e Standard LaTeX Graphics (DPC,SPQR)
 (C:\Users\genna\AppData\Local\Programs\MiKTeX\tex/latex/graphics\trig.sty
Package: trig 2021/08/11 v1.11 sin cos tan (DPC)
) (C:\Users\genna\AppData\Local\Programs\MiKTeX\tex/latex/graphics-cfg\graphics.cfg
File: graphics.cfg 2016/06/04 v1.11 sample graphics configuration
)
Package graphics Info: Driver file: pdftex.def on input line 107.
 (C:\Users\genna\AppData\Local\Programs\MiKTeX\tex/latex/graphics-def\pdftex.def
File: pdftex.def 2024/04/13 v1.2c Graphics/color driver for pdftex
))
\Gin@req@height=\dimen142
\Gin@req@width=\dimen143
) (C:\Users\genna\AppData\Local\Programs\MiKTeX\tex/latex/cite\cite.sty
LaTeX Info: Redefining \cite on input line 302.
LaTeX Info: Redefining \nocite on input line 332.
Package: cite 2015/02/27  v 5.5
) (C:\Users\genna\AppData\Local\Programs\MiKTeX\tex/latex/amsmath\amsmath.sty
Package: amsmath 2023/05/13 v2.17o AMS math features
\@mathmargin=\skip50

For additional information on amsmath, use the `?' option.
(C:\Users\genna\AppData\Local\Programs\MiKTeX\tex/latex/amsmath\amstext.sty
Package: amstext 2021/08/26 v2.01 AMS text
 (C:\Users\genna\AppData\Local\Programs\MiKTeX\tex/latex/amsmath\amsgen.sty
File: amsgen.sty 1999/11/30 v2.0 generic functions
\@emptytoks=\toks20
\ex@=\dimen144
)) (C:\Users\genna\AppData\Local\Programs\MiKTeX\tex/latex/amsmath\amsbsy.sty
Package: amsbsy 1999/11/29 v1.2d Bold Symbols
\pmbraise@=\dimen145
) (C:\Users\genna\AppData\Local\Programs\MiKTeX\tex/latex/amsmath\amsopn.sty
Package: amsopn 2022/04/08 v2.04 operator names
)
\inf@bad=\count269
LaTeX Info: Redefining \frac on input line 234.
\uproot@=\count270
\leftroot@=\count271
LaTeX Info: Redefining \overline on input line 399.
LaTeX Info: Redefining \colon on input line 410.
\classnum@=\count272
\DOTSCASE@=\count273
LaTeX Info: Redefining \ldots on input line 496.
LaTeX Info: Redefining \dots on input line 499.
LaTeX Info: Redefining \cdots on input line 620.
\Mathstrutbox@=\box51
\strutbox@=\box52
LaTeX Info: Redefining \big on input line 722.
LaTeX Info: Redefining \Big on input line 723.
LaTeX Info: Redefining \bigg on input line 724.
LaTeX Info: Redefining \Bigg on input line 725.
\big@size=\dimen146
LaTeX Font Info:    Redeclaring font encoding OML on input line 743.
LaTeX Font Info:    Redeclaring font encoding OMS on input line 744.
\macc@depth=\count274
LaTeX Info: Redefining \bmod on input line 905.
LaTeX Info: Redefining \pmod on input line 910.
LaTeX Info: Redefining \smash on input line 940.
LaTeX Info: Redefining \relbar on input line 970.
LaTeX Info: Redefining \Relbar on input line 971.
\c@MaxMatrixCols=\count275
\dotsspace@=\muskip16
\c@parentequation=\count276
\dspbrk@lvl=\count277
\tag@help=\toks21
\row@=\count278
\column@=\count279
\maxfields@=\count280
\andhelp@=\toks22
\eqnshift@=\dimen147
\alignsep@=\dimen148
\tagshift@=\dimen149
\tagwidth@=\dimen150
\totwidth@=\dimen151
\lineht@=\dimen152
\@envbody=\toks23
\multlinegap=\skip51
\multlinetaggap=\skip52
\mathdisplay@stack=\toks24
LaTeX Info: Redefining \[ on input line 2953.
LaTeX Info: Redefining \] on input line 2954.
) (C:\Users\genna\AppData\Local\Programs\MiKTeX\tex/latex/xcolor\xcolor.sty
Package: xcolor 2023/11/15 v3.01 LaTeX color extensions (UK)
 (C:\Users\genna\AppData\Local\Programs\MiKTeX\tex/latex/graphics-cfg\color.cfg
File: color.cfg 2016/01/02 v1.6 sample color configuration
)
Package xcolor Info: Driver file: pdftex.def on input line 274.
 (C:\Users\genna\AppData\Local\Programs\MiKTeX\tex/latex/graphics\mathcolor.ltx)
Package xcolor Info: Model `cmy' substituted by `cmy0' on input line 1350.
Package xcolor Info: Model `hsb' substituted by `rgb' on input line 1354.
Package xcolor Info: Model `RGB' extended on input line 1366.
Package xcolor Info: Model `HTML' substituted by `rgb' on input line 1368.
Package xcolor Info: Model `Hsb' substituted by `hsb' on input line 1369.
Package xcolor Info: Model `tHsb' substituted by `hsb' on input line 1370.
Package xcolor Info: Model `HSB' substituted by `hsb' on input line 1371.
Package xcolor Info: Model `Gray' substituted by `gray' on input line 1372.
Package xcolor Info: Model `wave' substituted by `hsb' on input line 1373.
) (C:\Users\genna\AppData\Local\Programs\MiKTeX\tex/latex/colortbl\colortbl.sty
Package: colortbl 2024/07/06 v1.0i Color table columns (DPC)
 (C:\Users\genna\AppData\Local\Programs\MiKTeX\tex/latex/tools\array.sty
Package: array 2023/10/16 v2.5g Tabular extension package (FMi)
\col@sep=\dimen153
\ar@mcellbox=\box53
\extrarowheight=\dimen154
\NC@list=\toks25
\extratabsurround=\skip53
\backup@length=\skip54
\ar@cellbox=\box54
)
\everycr=\toks26
\minrowclearance=\skip55
\rownum=\count281
) (C:\Users\genna\AppData\Local\Programs\MiKTeX\tex/latex/minitoc\minitoc.sty
Package: minitoc 2018/07/12 v62 Package minitoc
 (C:\Users\genna\AppData\Local\Programs\MiKTeX\tex/latex/minitoc\mtcmess.sty
Package: mtcmess 2006/03/14
)
Package minitoc Info: I0001
(minitoc)             *** minitoc package, version 62 ***.
\tf@mtc=\write3
\mtcindent=\skip56
\mtcskipamount=\skip57
Package minitoc Info: I0005
(minitoc)             compatible with hyperref.
Package minitoc Info: I0023
(minitoc)             part level macros available.
Package minitoc Info: I0003
(minitoc)             chapter level macros available.
\mtc@toks=\toks27
\mtc@strutbox=\box55
\mtc@hstrutbox=\box56
Package minitoc Info: I0002
(minitoc)             Autoconfiguration of extensions.
\openout3 = `report.mtc0'.

\openout3 = `report.mtc'.

 (report.mtc0)
Package minitoc Info: I0012
(minitoc)             Long extensions (Unix-like) will be used.
Package minitoc Info: I0031
(minitoc)             ==> this version is configured for UNIX-like 
(minitoc)                 (long extensions) file names.
\openout3 = `report.mtc'.

\openout3 = `report.mtc0'.

\c@mtc=\count282
\c@minitocdepth=\count283
\c@ptc=\count284
\c@parttocdepth=\count285
\ptcindent=\skip58
Package minitoc Info: I0010
(minitoc)             The english language is selected.
(minitoc)              on input line 4910.
 (C:\Users\genna\AppData\Local\Programs\MiKTeX\tex/latex/minitoc\english.mld
File: english.mld 2006/01/13
) (C:\Users\genna\AppData\Local\Programs\MiKTeX\tex/latex/minitoc\english.mld
File: english.mld 2006/01/13
)
Package minitoc Info: I0010
(minitoc)             The italian language is selected.
(minitoc)              on input line 4911.
 (C:\Users\genna\AppData\Local\Programs\MiKTeX\tex/latex/minitoc\italian.mld
File: italian.mld 2006/01/13
)) (C:\Users\genna\AppData\Local\Programs\MiKTeX\tex/latex/fancybox\fancybox.sty
Package: fancybox 2010/05/15 1.4

Style option: `fancybox' v1.4 <2010/05/15> (tvz)
\@fancybox=\box57
\shadowsize=\dimen155
\@Sbox=\box58
\do@VerbBox=\toks28
\the@fancyput=\toks29
\this@fancyput=\toks30
\EndVerbatimTokens=\toks31
\Verbatim@Outfile=\write4
\Verbatim@Infile=\read3
) (C:\Users\genna\AppData\Local\Programs\MiKTeX\tex/latex/fancyhdr\fancyhdr.sty
Package: fancyhdr 2024/07/23 v4.3.1 Extensive control of page headers and footers
\f@nch@headwidth=\skip59
\f@nch@O@elh=\skip60
\f@nch@O@erh=\skip61
\f@nch@O@olh=\skip62
\f@nch@O@orh=\skip63
\f@nch@O@elf=\skip64
\f@nch@O@erf=\skip65
\f@nch@O@olf=\skip66
\f@nch@O@orf=\skip67
) (C:\Users\genna\AppData\Local\Programs\MiKTeX\tex/latex/tools\verbatim.sty
Package: verbatim 2023-11-06 v1.5v LaTeX2e package for verbatim enhancements
\every@verbatim=\toks32
\verbatim@line=\toks33
\verbatim@in@stream=\read4
) (C:\Users\genna\AppData\Local\Programs\MiKTeX\tex/latex/url\url.sty
\Urlmuskip=\muskip17
Package: url 2013/09/16  ver 3.4  Verb mode for urls, etc.
) (C:\Users\genna\AppData\Local\Programs\MiKTeX\tex/latex/listings\listings.sty
\lst@mode=\count286
\lst@gtempboxa=\box59
\lst@token=\toks34
\lst@length=\count287
\lst@currlwidth=\dimen156
\lst@column=\count288
\lst@pos=\count289
\lst@lostspace=\dimen157
\lst@width=\dimen158
\lst@newlines=\count290
\lst@lineno=\count291
\lst@maxwidth=\dimen159
 (C:\Users\genna\AppData\Local\Programs\MiKTeX\tex/latex/listings\lstpatch.sty
File: lstpatch.sty 2024/03/11 1.10a (Carsten Heinz)
) (C:\Users\genna\AppData\Local\Programs\MiKTeX\tex/latex/listings\lstmisc.sty
File: lstmisc.sty 2024/03/11 1.10a (Carsten Heinz)
\c@lstnumber=\count292
\lst@skipnumbers=\count293
\lst@framebox=\box60
) (C:\Users\genna\AppData\Local\Programs\MiKTeX\tex/latex/listings\listings.cfg
File: listings.cfg 2024/03/11 1.10a listings configuration
))
Package: listings 2024/03/11 1.10a (Carsten Heinz)
 (C:\Users\genna\AppData\Local\Programs\MiKTeX\tex/latex/base\makeidx.sty
Package: makeidx 2021/10/04 v1.0m Standard LaTeX package
) (C:\Users\genna\AppData\Local\Programs\MiKTeX\tex/latex/comment\comment.sty
\CommentStream=\write5
 Excluding comment 'comment') (C:\Users\genna\AppData\Local\Programs\MiKTeX\tex/latex/hyperref\hyperref.sty
Package: hyperref 2024-01-20 v7.01h Hypertext links for LaTeX
 (C:\Users\genna\AppData\Local\Programs\MiKTeX\tex/generic/iftex\iftex.sty
Package: iftex 2022/02/03 v1.0f TeX engine tests
) (C:\Users\genna\AppData\Local\Programs\MiKTeX\tex/latex/kvsetkeys\kvsetkeys.sty
Package: kvsetkeys 2022-10-05 v1.19 Key value parser (HO)
) (C:\Users\genna\AppData\Local\Programs\MiKTeX\tex/generic/kvdefinekeys\kvdefinekeys.sty
Package: kvdefinekeys 2019-12-19 v1.6 Define keys (HO)
) (C:\Users\genna\AppData\Local\Programs\MiKTeX\tex/generic/pdfescape\pdfescape.sty
Package: pdfescape 2019/12/09 v1.15 Implements pdfTeX's escape features (HO)
 (C:\Users\genna\AppData\Local\Programs\MiKTeX\tex/generic/ltxcmds\ltxcmds.sty
Package: ltxcmds 2023-12-04 v1.26 LaTeX kernel commands for general use (HO)
) (C:\Users\genna\AppData\Local\Programs\MiKTeX\tex/generic/pdftexcmds\pdftexcmds.sty
Package: pdftexcmds 2020-06-27 v0.33 Utility functions of pdfTeX for LuaTeX (HO)
 (C:\Users\genna\AppData\Local\Programs\MiKTeX\tex/generic/infwarerr\infwarerr.sty
Package: infwarerr 2019/12/03 v1.5 Providing info/warning/error messages (HO)
)
Package pdftexcmds Info: \pdf@primitive is available.
Package pdftexcmds Info: \pdf@ifprimitive is available.
Package pdftexcmds Info: \pdfdraftmode found.
)) (C:\Users\genna\AppData\Local\Programs\MiKTeX\tex/latex/hycolor\hycolor.sty
Package: hycolor 2020-01-27 v1.10 Color options for hyperref/bookmark (HO)
) (C:\Users\genna\AppData\Local\Programs\MiKTeX\tex/latex/auxhook\auxhook.sty
Package: auxhook 2019-12-17 v1.6 Hooks for auxiliary files (HO)
) (C:\Users\genna\AppData\Local\Programs\MiKTeX\tex/latex/hyperref\nameref.sty
Package: nameref 2023-11-26 v2.56 Cross-referencing by name of section
 (C:\Users\genna\AppData\Local\Programs\MiKTeX\tex/latex/refcount\refcount.sty
Package: refcount 2019/12/15 v3.6 Data extraction from label references (HO)
) (C:\Users\genna\AppData\Local\Programs\MiKTeX\tex/generic/gettitlestring\gettitlestring.sty
Package: gettitlestring 2019/12/15 v1.6 Cleanup title references (HO)
 (C:\Users\genna\AppData\Local\Programs\MiKTeX\tex/latex/kvoptions\kvoptions.sty
Package: kvoptions 2022-06-15 v3.15 Key value format for package options (HO)
))
\c@section@level=\count294
)
\@linkdim=\dimen160
\Hy@linkcounter=\count295
\Hy@pagecounter=\count296
 (C:\Users\genna\AppData\Local\Programs\MiKTeX\tex/latex/hyperref\pd1enc.def
File: pd1enc.def 2024-01-20 v7.01h Hyperref: PDFDocEncoding definition (HO)
Now handling font encoding PD1 ...
... no UTF-8 mapping file for font encoding PD1
) (C:\Users\genna\AppData\Local\Programs\MiKTeX\tex/generic/intcalc\intcalc.sty
Package: intcalc 2019/12/15 v1.3 Expandable calculations with integers (HO)
)
\Hy@SavedSpaceFactor=\count297
 (C:\Users\genna\AppData\Local\Programs\MiKTeX\tex/latex/hyperref\puenc.def
File: puenc.def 2024-01-20 v7.01h Hyperref: PDF Unicode definition (HO)
Now handling font encoding PU ...
... no UTF-8 mapping file for font encoding PU
)
Package hyperref Info: Hyper figures OFF on input line 4179.
Package hyperref Info: Link nesting OFF on input line 4184.
Package hyperref Info: Hyper index ON on input line 4187.
Package hyperref Info: Plain pages OFF on input line 4194.
Package hyperref Info: Backreferencing OFF on input line 4199.
Package hyperref Info: Implicit mode ON; LaTeX internals redefined.
Package hyperref Info: Bookmarks ON on input line 4446.
\c@Hy@tempcnt=\count298
LaTeX Info: Redefining \url on input line 4784.
\XeTeXLinkMargin=\dimen161
 (C:\Users\genna\AppData\Local\Programs\MiKTeX\tex/generic/bitset\bitset.sty
Package: bitset 2019/12/09 v1.3 Handle bit-vector datatype (HO)
 (C:\Users\genna\AppData\Local\Programs\MiKTeX\tex/generic/bigintcalc\bigintcalc.sty
Package: bigintcalc 2019/12/15 v1.5 Expandable calculations on big integers (HO)
))
\Fld@menulength=\count299
\Field@Width=\dimen162
\Fld@charsize=\dimen163
Package hyperref Info: Hyper figures OFF on input line 6063.
Package hyperref Info: Link nesting OFF on input line 6068.
Package hyperref Info: Hyper index ON on input line 6071.
Package hyperref Info: backreferencing OFF on input line 6078.
Package hyperref Info: Link coloring OFF on input line 6083.
Package hyperref Info: Link coloring with OCG OFF on input line 6088.
Package hyperref Info: PDF/A mode OFF on input line 6093.
 (C:\Users\genna\AppData\Local\Programs\MiKTeX\tex/latex/base\atbegshi-ltx.sty
Package: atbegshi-ltx 2021/01/10 v1.0c Emulation of the original atbegshi
package with kernel methods
)
\Hy@abspage=\count300
\c@Item=\count301
\c@Hfootnote=\count302
)
Package hyperref Info: Driver (autodetected): hpdftex.
 (C:\Users\genna\AppData\Local\Programs\MiKTeX\tex/latex/hyperref\hpdftex.def
File: hpdftex.def 2024-01-20 v7.01h Hyperref driver for pdfTeX
 (C:\Users\genna\AppData\Local\Programs\MiKTeX\tex/latex/base\atveryend-ltx.sty
Package: atveryend-ltx 2020/08/19 v1.0a Emulation of the original atveryend package
with kernel methods
)
\Fld@listcount=\count303
\c@bookmark@seq@number=\count304
 (C:\Users\genna\AppData\Local\Programs\MiKTeX\tex/latex/rerunfilecheck\rerunfilecheck.sty
Package: rerunfilecheck 2022-07-10 v1.10 Rerun checks for auxiliary files (HO)
 (C:\Users\genna\AppData\Local\Programs\MiKTeX\tex/generic/uniquecounter\uniquecounter.sty
Package: uniquecounter 2019/12/15 v1.4 Provide unlimited unique counter (HO)
)
Package uniquecounter Info: New unique counter `rerunfilecheck' on input line 285.
)
\Hy@SectionHShift=\skip68
) (C:\Users\genna\AppData\Local\Programs\MiKTeX\tex/latex/tools\bm.sty
Package: bm 2023/07/08 v1.2f Bold Symbol Support (DPC/FMi)
\symboldoperators=\mathgroup4
\symboldletters=\mathgroup5
\symboldsymbols=\mathgroup6
Package bm Info: No bold for \OMX/cmex/m/n, using \pmb.
LaTeX Font Info:    Redeclaring math alphabet \mathbf on input line 149.
) (C:\Users\genna\AppData\Local\Programs\MiKTeX\tex/latex/tools\longtable.sty
Package: longtable 2023-11-01 v4.19 Multi-page Table package (DPC)
\LTleft=\skip69
\LTright=\skip70
\LTpre=\skip71
\LTpost=\skip72
\LTchunksize=\count305
\LTcapwidth=\dimen164
\LT@head=\box61
\LT@firsthead=\box62
\LT@foot=\box63
\LT@lastfoot=\box64
\LT@gbox=\box65
\LT@cols=\count306
\LT@rows=\count307
\c@LT@tables=\count308
\c@LT@chunks=\count309
\LT@p@ftn=\toks35
) (C:\Users\genna\AppData\Local\Programs\MiKTeX\tex/latex/tools\tabularx.sty
Package: tabularx 2023/07/08 v2.11c `tabularx' package (DPC)
\TX@col@width=\dimen165
\TX@old@table=\dimen166
\TX@old@col=\dimen167
\TX@target=\dimen168
\TX@delta=\dimen169
\TX@cols=\count310
\TX@ftn=\toks36
) (C:\Users\genna\AppData\Local\Programs\MiKTeX\tex/latex/placeins\placeins.sty
Package: placeins 2005/04/18  v 2.2
) (C:\Users\genna\AppData\Local\Programs\MiKTeX\tex/latex/caption\caption.sty
Package: caption 2023/08/05 v3.6o Customizing captions (AR)
 (C:\Users\genna\AppData\Local\Programs\MiKTeX\tex/latex/caption\caption3.sty
Package: caption3 2023/07/31 v2.4d caption3 kernel (AR)
\caption@tempdima=\dimen170
\captionmargin=\dimen171
\caption@leftmargin=\dimen172
\caption@rightmargin=\dimen173
\caption@width=\dimen174
\caption@indent=\dimen175
\caption@parindent=\dimen176
\caption@hangindent=\dimen177
Package caption Info: Standard document class detected.
)
\c@caption@flags=\count311
\c@continuedfloat=\count312
Package caption Info: hyperref package is loaded.
Package caption Info: listings package is loaded.
Package caption Info: longtable package is loaded.
 (C:\Users\genna\AppData\Local\Programs\MiKTeX\tex/latex/caption\ltcaption.sty
Package: ltcaption 2021/01/08 v1.4c longtable captions (AR)
)) (C:\Users\genna\AppData\Local\Programs\MiKTeX\tex/latex/float\float.sty
Package: float 2001/11/08 v1.3d Float enhancements (AL)
\c@float@type=\count313
\float@exts=\toks37
\float@box=\box66
\@float@everytoks=\toks38
\@floatcapt=\box67
) (C:\Users\genna\AppData\Local\Programs\MiKTeX\tex/generic/soul\soul.sty
Package: soul 2023-06-14 v3.1 Permit use of UTF-8 characters in soul (HO)
 (C:\Users\genna\AppData\Local\Programs\MiKTeX\tex/generic/soul\soul-ori.sty
Package: soul-ori 2023-06-14 v3.1 letterspacing/underlining (mf)
\SOUL@word=\toks39
\SOUL@lasttoken=\toks40
\SOUL@syllable=\toks41
\SOUL@cmds=\toks42
\SOUL@buffer=\toks43
\SOUL@token=\toks44
\SOUL@syllgoal=\dimen178
\SOUL@syllwidth=\dimen179
\SOUL@charkern=\dimen180
\SOUL@hyphkern=\dimen181
\SOUL@dimen=\dimen182
\SOUL@dimeni=\dimen183
\SOUL@minus=\count314
\SOUL@comma=\count315
\SOUL@apo=\count316
\SOUL@grave=\count317
\SOUL@spaceskip=\skip73
\SOUL@ttwidth=\dimen184
\SOUL@uldp=\dimen185
\SOUL@ulht=\dimen186
) (C:\Users\genna\AppData\Local\Programs\MiKTeX\tex/generic/etexcmds\etexcmds.sty
Package: etexcmds 2019/12/15 v1.7 Avoid name clashes with e-TeX commands (HO)
)) (C:\Users\genna\AppData\Local\Programs\MiKTeX\tex/latex/multirow\multirow.sty
Package: multirow 2024/11/12 v2.9 Span multiple rows of a table
\multirow@colwidth=\skip74
\multirow@cntb=\count318
\multirow@dima=\skip75
\bigstrutjot=\dimen187
) (C:\Users\genna\AppData\Local\Programs\MiKTeX\tex/latex/adjustbox\adjustbox.sty
Package: adjustbox 2022/10/17 v1.3a Adjusting TeX boxes (trim, clip, ...)
 (C:\Users\genna\AppData\Local\Programs\MiKTeX\tex/latex/xkeyval\xkeyval.sty
Package: xkeyval 2022/06/16 v2.9 package option processing (HA)
 (C:\Users\genna\AppData\Local\Programs\MiKTeX\tex/generic/xkeyval\xkeyval.tex (C:\Users\genna\AppData\Local\Programs\MiKTeX\tex/generic/xkeyval\xkvutils.tex
\XKV@toks=\toks45
\XKV@tempa@toks=\toks46
)
\XKV@depth=\count319
File: xkeyval.tex 2014/12/03 v2.7a key=value parser (HA)
)) (C:\Users\genna\AppData\Local\Programs\MiKTeX\tex/latex/adjustbox\adjcalc.sty
Package: adjcalc 2012/05/16 v1.1 Provides advanced setlength with multiple back-ends (calc, etex, pgfmath)
) (C:\Users\genna\AppData\Local\Programs\MiKTeX\tex/latex/adjustbox\trimclip.sty
Package: trimclip 2020/08/19 v1.2 Trim and clip general TeX material
 (C:\Users\genna\AppData\Local\Programs\MiKTeX\tex/latex/collectbox\collectbox.sty
Package: collectbox 2022/10/17 v0.4c Collect macro arguments as boxes
\collectedbox=\box68
)
\tc@llx=\dimen188
\tc@lly=\dimen189
\tc@urx=\dimen190
\tc@ury=\dimen191
Package trimclip Info: Using driver 'tc-pdftex.def'.
 (C:\Users\genna\AppData\Local\Programs\MiKTeX\tex/latex/adjustbox\tc-pdftex.def
File: tc-pdftex.def 2019/01/04 v2.2 Clipping driver for pdftex
))
\adjbox@Width=\dimen192
\adjbox@Height=\dimen193
\adjbox@Depth=\dimen194
\adjbox@Totalheight=\dimen195
\adjbox@pwidth=\dimen196
\adjbox@pheight=\dimen197
\adjbox@pdepth=\dimen198
\adjbox@ptotalheight=\dimen199
 (C:\Users\genna\AppData\Local\Programs\MiKTeX\tex/latex/ifoddpage\ifoddpage.sty
Package: ifoddpage 2022/10/18 v1.2 Conditionals for odd/even page detection
\c@checkoddpage=\count320
) (C:\Users\genna\AppData\Local\Programs\MiKTeX\tex/latex/varwidth\varwidth.sty
Package: varwidth 2009/03/30 ver 0.92;  Variable-width minipages
\@vwid@box=\box69
\sift@deathcycles=\count321
\@vwid@loff=\dimen256
\@vwid@roff=\dimen257
)) (C:\Users\genna\AppData\Local\Programs\MiKTeX\tex/latex/graphics\lscape.sty
Package: lscape 2020/05/28 v3.02 Landscape Pages (DPC)
) (C:\Users\genna\AppData\Local\Programs\MiKTeX\tex/latex/mathtools\mathtools.sty
Package: mathtools 2024/03/11 v1.30 mathematical typesetting tools
 (C:\Users\genna\AppData\Local\Programs\MiKTeX\tex/latex/tools\calc.sty
Package: calc 2023/07/08 v4.3 Infix arithmetic (KKT,FJ)
\calc@Acount=\count322
\calc@Bcount=\count323
\calc@Adimen=\dimen258
\calc@Bdimen=\dimen259
\calc@Askip=\skip76
\calc@Bskip=\skip77
LaTeX Info: Redefining \setlength on input line 80.
LaTeX Info: Redefining \addtolength on input line 81.
\calc@Ccount=\count324
\calc@Cskip=\skip78
) (C:\Users\genna\AppData\Local\Programs\MiKTeX\tex/latex/mathtools\mhsetup.sty
Package: mhsetup 2021/03/18 v1.4 programming setup (MH)
)
\g_MT_multlinerow_int=\count325
\l_MT_multwidth_dim=\dimen260
\origjot=\skip79
\l_MT_shortvdotswithinadjustabove_dim=\dimen261
\l_MT_shortvdotswithinadjustbelow_dim=\dimen262
\l_MT_above_intertext_sep=\dimen263
\l_MT_below_intertext_sep=\dimen264
\l_MT_above_shortintertext_sep=\dimen265
\l_MT_below_shortintertext_sep=\dimen266
\xmathstrut@box=\box70
\xmathstrut@dim=\dimen267
) (C:\Users\genna\AppData\Local\Programs\MiKTeX\tex/latex/amsfonts\amssymb.sty
Package: amssymb 2013/01/14 v3.01 AMS font symbols
 (C:\Users\genna\AppData\Local\Programs\MiKTeX\tex/latex/amsfonts\amsfonts.sty
Package: amsfonts 2013/01/14 v3.01 Basic AMSFonts support
\symAMSa=\mathgroup7
\symAMSb=\mathgroup8
LaTeX Font Info:    Redeclaring math symbol \hbar on input line 98.
LaTeX Font Info:    Overwriting math alphabet `\mathfrak' in version `bold'
(Font)                  U/euf/m/n --> U/euf/b/n on input line 106.
)) (C:\Users\genna\AppData\Local\Programs\MiKTeX\tex/latex/xcolor\svgnam.def
File: svgnam.def 2023/11/15 v3.01 Predefined colors according to SVG 1.1 (UK)
) (C:\Users\genna\AppData\Local\Programs\MiKTeX\tex/latex/booktabs\booktabs.sty
Package: booktabs 2020/01/12 v1.61803398 Publication quality tables
\heavyrulewidth=\dimen268
\lightrulewidth=\dimen269
\cmidrulewidth=\dimen270
\belowrulesep=\dimen271
\belowbottomsep=\dimen272
\aboverulesep=\dimen273
\abovetopsep=\dimen274
\cmidrulesep=\dimen275
\cmidrulekern=\dimen276
\defaultaddspace=\dimen277
\@cmidla=\count326
\@cmidlb=\count327
\@aboverulesep=\dimen278
\@belowrulesep=\dimen279
\@thisruleclass=\count328
\@lastruleclass=\count329
\@thisrulewidth=\dimen280
)
Package hyperref Info: Option `colorlinks' set `true' on input line 44.
 (C:\Users\genna\AppData\Local\Programs\MiKTeX\tex/latex/listings\lstlang1.sty
File: lstlang1.sty 2024/03/11 1.10a listings language file
) (C:\Users\genna\AppData\Local\Programs\MiKTeX\tex/latex/listings\lstlang1.sty
File: lstlang1.sty 2024/03/11 1.10a listings language file
) (C:\Users\genna\AppData\Local\Programs\MiKTeX\tex/latex/listings\lstlang2.sty
File: lstlang2.sty 2024/03/11 1.10a listings language file
) (C:\Users\genna\AppData\Local\Programs\MiKTeX\tex/latex/listings\lstlang3.sty
File: lstlang3.sty 2024/03/11 1.10a listings language file
) (C:\Users\genna\AppData\Local\Programs\MiKTeX\tex/latex/l3backend\l3backend-pdftex.def
File: l3backend-pdftex.def 2024-03-14 L3 backend support: PDF output (pdfTeX)
\l__color_backend_stack_int=\count330
\l__pdf_internal_box=\box71
)

LaTeX Warning: Unused global option(s):
    [14pt].

(report.aux)
\openout1 = `report.aux'.

LaTeX Font Info:    Checking defaults for OML/cmm/m/it on input line 71.
LaTeX Font Info:    ... okay on input line 71.
LaTeX Font Info:    Checking defaults for OMS/cmsy/m/n on input line 71.
LaTeX Font Info:    ... okay on input line 71.
LaTeX Font Info:    Checking defaults for OT1/cmr/m/n on input line 71.
LaTeX Font Info:    ... okay on input line 71.
LaTeX Font Info:    Checking defaults for T1/cmr/m/n on input line 71.
LaTeX Font Info:    ... okay on input line 71.
LaTeX Font Info:    Checking defaults for TS1/cmr/m/n on input line 71.
LaTeX Font Info:    ... okay on input line 71.
LaTeX Font Info:    Checking defaults for OMX/cmex/m/n on input line 71.
LaTeX Font Info:    ... okay on input line 71.
LaTeX Font Info:    Checking defaults for U/cmr/m/n on input line 71.
LaTeX Font Info:    ... okay on input line 71.
LaTeX Font Info:    Checking defaults for PD1/pdf/m/n on input line 71.
LaTeX Font Info:    ... okay on input line 71.
LaTeX Font Info:    Checking defaults for PU/pdf/m/n on input line 71.
LaTeX Font Info:    ... okay on input line 71.
LaTeX Info: Redefining \it@ocap on input line 71.
LaTeX Info: Redefining \it@ccap on input line 71.


File italian.ldf warning: 
italian.ldf    With OT1 encoding guillemets are poorly faked
italian.ldf    Use T1 encoding
italian.ldf    or specify a font with command \CaporaliFrom
italian.ldf    See the documentation concerning the babel-italian typesetting
italian.ldf    on input line 71.

(C:\Users\genna\AppData\Local\Programs\MiKTeX\tex/context/base/mkii\supp-pdf.mkii
[Loading MPS to PDF converter (version 2006.09.02).]
\scratchcounter=\count331
\scratchdimen=\dimen281
\scratchbox=\box72
\nofMPsegments=\count332
\nofMParguments=\count333
\everyMPshowfont=\toks47
\MPscratchCnt=\count334
\MPscratchDim=\dimen282
\MPnumerator=\count335
\makeMPintoPDFobject=\count336
\everyMPtoPDFconversion=\toks48
) (C:\Users\genna\AppData\Local\Programs\MiKTeX\tex/latex/epstopdf-pkg\epstopdf-base.sty
Package: epstopdf-base 2020-01-24 v2.11 Base part for package epstopdf
Package epstopdf-base Info: Redefining graphics rule for `.eps' on input line 485.
 (C:\Users\genna\AppData\Local\Programs\MiKTeX\tex/latex/00miktex\epstopdf-sys.cfg
File: epstopdf-sys.cfg 2021/03/18 v2.0 Configuration of epstopdf for MiKTeX
))
Package minitoc(hints) Info: I0049
(minitoc(hints))             ==> You requested the hints option. 
(minitoc(hints))             Some hints are eventually given below.


Package minitoc(hints) Warning: W0030
(minitoc(hints))                --- The \part command is altered 
(minitoc(hints))                after minitoc.


Package minitoc(hints) Warning: W0023
(minitoc(hints))                --- It may be the consequence 
(minitoc(hints))                of loading the ``hyperref'' package.


Package minitoc(hints) Warning: W0028
(minitoc(hints))                --- The \chapter command is altered 
(minitoc(hints))                after minitoc.


Package minitoc(hints) Warning: W0023
(minitoc(hints))                --- It may be the consequence 
(minitoc(hints))                of loading the ``hyperref'' package.

\c@lstlisting=\count337
Package hyperref Info: Link coloring ON on input line 71.
(report.out) (report.out)
\@outlinefile=\write6
\openout6 = `report.out'.

Package caption Info: Begin \AtBeginDocument code.
Package caption Info: float package is loaded.
Package caption Info: End \AtBeginDocument code.
<./Figure/unisa.png, id=75, 745.3446pt x 744.381pt>
File: ./Figure/unisa.png Graphic file (type png)
<use ./Figure/unisa.png>
Package pdftex.def Info: ./Figure/unisa.png  used on input line 77.
(pdftex.def)             Requested size: 99.58223pt x 99.57843pt.
 [1

{C:/Users/genna/AppData/Local/MiKTeX/fonts/map/pdftex/pdftex.map} <./Figure/unisa.png>] (report.toc
LaTeX Font Info:    Trying to load font information for U+msa on input line 4.
 (C:\Users\genna\AppData\Local\Programs\MiKTeX\tex/latex/amsfonts\umsa.fd
File: umsa.fd 2013/01/14 v3.01 AMS symbols A
)
LaTeX Font Info:    Trying to load font information for U+msb on input line 4.
 (C:\Users\genna\AppData\Local\Programs\MiKTeX\tex/latex/amsfonts\umsb.fd
File: umsb.fd 2013/01/14 v3.01 AMS symbols B
))
\tf@toc=\write7
\openout7 = `report.toc'.


pdfTeX warning (ext4): destination with the same identifier (name{page.1}) has been already used, duplicate ignored
<to be read again> 
                   \relax 
l.101 \chapter
              {Introduzione} [1

]
Capitolo 1.

Underfull \hbox (badness 10000) in paragraph at lines 111--111
[][][][][]$\OT1/cmtt/m/n/8 https : / / siqual . istat . it / SIQual / visualizza . do ? id = 7777778 & refresh = true &
 []


Underfull \hbox (badness 10000) in paragraph at lines 111--134

 []


Underfull \hbox (badness 10000) in paragraph at lines 111--134

 []


Underfull \hbox (badness 10000) in paragraph at lines 111--134

 []


Underfull \hbox (badness 10000) in paragraph at lines 111--134

 []


Underfull \hbox (badness 10000) in paragraph at lines 111--134

 []


Overfull \hbox (7.74693pt too wide) in paragraph at lines 111--134
\OT1/cmtt/m/n/10 esploradati . istat . it / databrowser / # / it / dw / categories / IT1 ,[] Z0810HEA ,[] 1 .
 []


Underfull \hbox (badness 10000) in paragraph at lines 111--134

 []


Underfull \hbox (badness 10000) in paragraph at lines 111--134

 []


Underfull \hbox (badness 10000) in paragraph at lines 111--134

 []

[2

]
Overfull \hbox (4.86948pt too wide) in paragraph at lines 150--150
 []|\OT1/cmr/bx/n/8 '10| 
 []


Overfull \hbox (4.86948pt too wide) in paragraph at lines 150--150
 []|\OT1/cmr/bx/n/8 '11| 
 []


Overfull \hbox (4.86948pt too wide) in paragraph at lines 150--150
 []|\OT1/cmr/bx/n/8 '12| 
 []


Overfull \hbox (4.86948pt too wide) in paragraph at lines 150--150
 []|\OT1/cmr/bx/n/8 '13| 
 []


Overfull \hbox (4.86948pt too wide) in paragraph at lines 150--150
 []|\OT1/cmr/bx/n/8 '14| 
 []


Overfull \hbox (4.86948pt too wide) in paragraph at lines 150--150
 []|\OT1/cmr/bx/n/8 '15| 
 []


Overfull \hbox (4.86948pt too wide) in paragraph at lines 150--150
 []|\OT1/cmr/bx/n/8 '16| 
 []


Overfull \hbox (4.86948pt too wide) in paragraph at lines 150--150
 []|\OT1/cmr/bx/n/8 '17| 
 []


Overfull \hbox (4.86948pt too wide) in paragraph at lines 150--150
 []|\OT1/cmr/bx/n/8 '18| 
 []


Overfull \hbox (4.86948pt too wide) in paragraph at lines 150--150
 []|\OT1/cmr/bx/n/8 '19| 
 []


Overfull \hbox (4.86948pt too wide) in paragraph at lines 150--150
 []|\OT1/cmr/bx/n/8 '20| 
 []


Overfull \hbox (4.86948pt too wide) in paragraph at lines 150--150
 []|\OT1/cmr/bx/n/8 '21| 
 []


Overfull \hbox (4.86948pt too wide) in paragraph at lines 150--150
 []|\OT1/cmr/bx/n/8 '22| 
 []


Overfull \hbox (4.86948pt too wide) in paragraph at lines 150--150
 []|\OT1/cmr/bx/n/8 '23| 
 []


Overfull \hbox (0.84727pt too wide) in paragraph at lines 150--150
 []|\OT1/cmr/m/n/8 55| 
 []


Overfull \hbox (0.84727pt too wide) in paragraph at lines 150--150
 []|\OT1/cmr/m/n/8 45| 
 []


Overfull \hbox (0.84727pt too wide) in paragraph at lines 150--150
 []|\OT1/cmr/m/n/8 42| 
 []


Overfull \hbox (0.84727pt too wide) in paragraph at lines 150--150
 []|\OT1/cmr/m/n/8 23| 
 []


Overfull \hbox (0.84727pt too wide) in paragraph at lines 150--150
 []|\OT1/cmr/m/n/8 34| 
 []


Overfull \hbox (0.84727pt too wide) in paragraph at lines 150--150
 []|\OT1/cmr/m/n/8 24| 
 []


Overfull \hbox (0.84727pt too wide) in paragraph at lines 150--150
 []|\OT1/cmr/m/n/8 28| 
 []


Overfull \hbox (0.84727pt too wide) in paragraph at lines 150--150
 []|\OT1/cmr/m/n/8 25| 
 []


Overfull \hbox (0.84727pt too wide) in paragraph at lines 150--150
 []|\OT1/cmr/m/n/8 23| 
 []


Overfull \hbox (0.84727pt too wide) in paragraph at lines 150--150
 []|\OT1/cmr/m/n/8 13| 
 []


Overfull \hbox (0.84727pt too wide) in paragraph at lines 150--150
 []|\OT1/cmr/m/n/8 15| 
 []


Overfull \hbox (0.84727pt too wide) in paragraph at lines 150--150
 []|\OT1/cmr/m/n/8 16| 
 []


Overfull \hbox (0.84727pt too wide) in paragraph at lines 150--150
 []|\OT1/cmr/m/n/8 21| 
 []


Overfull \hbox (0.84727pt too wide) in paragraph at lines 150--150
 []|\OT1/cmr/m/n/8 10| 
 []


Overfull \hbox (0.84727pt too wide) in paragraph at lines 150--150
 []|\OT1/cmr/m/n/8 92| 
 []


Overfull \hbox (5.09734pt too wide) in paragraph at lines 150--150
 []|\OT1/cmr/m/n/8 102| 
 []


Overfull \hbox (0.84727pt too wide) in paragraph at lines 150--150
 []|\OT1/cmr/m/n/8 89| 
 []


Overfull \hbox (0.84727pt too wide) in paragraph at lines 150--150
 []|\OT1/cmr/m/n/8 82| 
 []


Overfull \hbox (0.84727pt too wide) in paragraph at lines 150--150
 []|\OT1/cmr/m/n/8 96| 
 []


Overfull \hbox (0.84727pt too wide) in paragraph at lines 150--150
 []|\OT1/cmr/m/n/8 95| 
 []


Overfull \hbox (0.84727pt too wide) in paragraph at lines 150--150
 []|\OT1/cmr/m/n/8 66| 
 []


Overfull \hbox (0.84727pt too wide) in paragraph at lines 150--150
 []|\OT1/cmr/m/n/8 70| 
 []


Overfull \hbox (0.84727pt too wide) in paragraph at lines 150--150
 []|\OT1/cmr/m/n/8 60| 
 []


Overfull \hbox (0.84727pt too wide) in paragraph at lines 150--150
 []|\OT1/cmr/m/n/8 72| 
 []


Overfull \hbox (0.84727pt too wide) in paragraph at lines 150--150
 []|\OT1/cmr/m/n/8 66| 
 []


Overfull \hbox (0.84727pt too wide) in paragraph at lines 150--150
 []|\OT1/cmr/m/n/8 69| 
 []


Overfull \hbox (0.84727pt too wide) in paragraph at lines 150--150
 []|\OT1/cmr/m/n/8 69| 
 []


Overfull \hbox (0.84727pt too wide) in paragraph at lines 150--150
 []|\OT1/cmr/m/n/8 74| 
 []


Overfull \hbox (0.84727pt too wide) in paragraph at lines 150--150
 []|\OT1/cmr/m/n/8 58| 
 []


Overfull \hbox (0.84727pt too wide) in paragraph at lines 150--150
 []|\OT1/cmr/m/n/8 51| 
 []


Overfull \hbox (0.84727pt too wide) in paragraph at lines 150--150
 []|\OT1/cmr/m/n/8 48| 
 []


Overfull \hbox (0.84727pt too wide) in paragraph at lines 150--150
 []|\OT1/cmr/m/n/8 46| 
 []


Overfull \hbox (0.84727pt too wide) in paragraph at lines 150--150
 []|\OT1/cmr/m/n/8 45| 
 []


Overfull \hbox (0.84727pt too wide) in paragraph at lines 150--150
 []|\OT1/cmr/m/n/8 44| 
 []


Overfull \hbox (0.84727pt too wide) in paragraph at lines 150--150
 []|\OT1/cmr/m/n/8 41| 
 []


Overfull \hbox (0.84727pt too wide) in paragraph at lines 150--150
 []|\OT1/cmr/m/n/8 36| 
 []


Overfull \hbox (0.84727pt too wide) in paragraph at lines 150--150
 []|\OT1/cmr/m/n/8 38| 
 []


Overfull \hbox (0.84727pt too wide) in paragraph at lines 150--150
 []|\OT1/cmr/m/n/8 42| 
 []


Overfull \hbox (0.84727pt too wide) in paragraph at lines 150--150
 []|\OT1/cmr/m/n/8 23| 
 []


Overfull \hbox (0.84727pt too wide) in paragraph at lines 150--150
 []|\OT1/cmr/m/n/8 40| 
 []


Overfull \hbox (0.84727pt too wide) in paragraph at lines 150--150
 []|\OT1/cmr/m/n/8 27| 
 []


Overfull \hbox (0.84727pt too wide) in paragraph at lines 150--150
 []|\OT1/cmr/m/n/8 38| 
 []


Overfull \hbox (5.09734pt too wide) in paragraph at lines 150--150
 []|\OT1/cmr/m/n/8 215| 
 []


Overfull \hbox (5.09734pt too wide) in paragraph at lines 150--150
 []|\OT1/cmr/m/n/8 210| 
 []


Overfull \hbox (5.09734pt too wide) in paragraph at lines 150--150
 []|\OT1/cmr/m/n/8 184| 
 []


Overfull \hbox (5.09734pt too wide) in paragraph at lines 150--150
 []|\OT1/cmr/m/n/8 161| 
 []


Overfull \hbox (5.09734pt too wide) in paragraph at lines 150--150
 []|\OT1/cmr/m/n/8 182| 
 []


Overfull \hbox (5.09734pt too wide) in paragraph at lines 150--150
 []|\OT1/cmr/m/n/8 168| 
 []


Overfull \hbox (5.09734pt too wide) in paragraph at lines 150--150
 []|\OT1/cmr/m/n/8 146| 
 []


Overfull \hbox (5.09734pt too wide) in paragraph at lines 150--150
 []|\OT1/cmr/m/n/8 136| 
 []


Overfull \hbox (5.09734pt too wide) in paragraph at lines 150--150
 []|\OT1/cmr/m/n/8 124| 
 []


Overfull \hbox (5.09734pt too wide) in paragraph at lines 150--150
 []|\OT1/cmr/m/n/8 132| 
 []


Overfull \hbox (5.09734pt too wide) in paragraph at lines 150--150
 []|\OT1/cmr/m/n/8 110| 
 []


Overfull \hbox (5.09734pt too wide) in paragraph at lines 150--150
 []|\OT1/cmr/m/n/8 132| 
 []


Overfull \hbox (5.09734pt too wide) in paragraph at lines 150--150
 []|\OT1/cmr/m/n/8 120| 
 []


Overfull \hbox (5.09734pt too wide) in paragraph at lines 150--150
 []|\OT1/cmr/m/n/8 126| 
 []

[3]
Capitolo 2.
LaTeX Font Info:    Trying to load font information for TS1+cmtt on input line 179.
(C:\Users\genna\AppData\Local\Programs\MiKTeX\tex/latex/base\ts1cmtt.fd
File: ts1cmtt.fd 2023/04/13 v2.5m Standard LaTeX font definitions
) [4

] [5]
Capitolo 3.
<./Figure/Rplot.png, id=177, 376.2858pt x 234.6366pt>
File: ./Figure/Rplot.png Graphic file (type png)
<use ./Figure/Rplot.png>
Package pdftex.def Info: ./Figure/Rplot.png  used on input line 233.
(pdftex.def)             Requested size: 341.43303pt x 199.1771pt.
[6

 <./Figure/Rplot.png>]
<./Figure/Rplot03.png, id=194, 376.2858pt x 234.6366pt>
File: ./Figure/Rplot03.png Graphic file (type png)
<use ./Figure/Rplot03.png>
Package pdftex.def Info: ./Figure/Rplot03.png  used on input line 252.
(pdftex.def)             Requested size: 341.43303pt x 199.1771pt.
<./Figure/Rplot04.png, id=195, 376.2858pt x 234.6366pt>
File: ./Figure/Rplot04.png Graphic file (type png)
<use ./Figure/Rplot04.png>
Package pdftex.def Info: ./Figure/Rplot04.png  used on input line 271.
(pdftex.def)             Requested size: 341.43303pt x 199.1771pt.

Underfull \vbox (badness 10000) has occurred while \output is active []

 [7 <./Figure/Rplot03.png>]
<./Figure/Rplot05.png, id=222, 376.2858pt x 234.6366pt>
File: ./Figure/Rplot05.png Graphic file (type png)
<use ./Figure/Rplot05.png>
Package pdftex.def Info: ./Figure/Rplot05.png  used on input line 290.
(pdftex.def)             Requested size: 341.43303pt x 199.1771pt.
 [8 <./Figure/Rplot04.png> <./Figure/Rplot05.png>]
<./Figure/Rplot01.png, id=241, 376.2858pt x 234.6366pt>
File: ./Figure/Rplot01.png Graphic file (type png)
<use ./Figure/Rplot01.png>
Package pdftex.def Info: ./Figure/Rplot01.png  used on input line 320.
(pdftex.def)             Requested size: 341.43303pt x 199.1771pt.
 [9 <./Figure/Rplot01.png>]
Capitolo 4.

Underfull \hbox (badness 10000) in paragraph at lines 326--334

 []

[10

] [11]
Capitolo 5.
[12

] [13] [14]
Capitolo 6.
Package minitoc Info: I0009
(minitoc)             Listing minitoc auxiliary files. 
(minitoc)             Creating the report.maf file.
\openout3 = `report.maf'.


Package minitoc(hints) Warning: W0033
(minitoc(hints))                The caption package should be 
(minitoc(hints))                loaded BEFORE the minitoc package.

Package minitoc(hints) Info: I0053
(minitoc(hints))             You have loaded the float package; 
(minitoc(hints))             please be aware that the minitoc package 
(minitoc(hints))             facilities can not be used for new types 
(minitoc(hints))             of floats defined by the float package.

Package minitoc(hints) Warning: W0024
(minitoc(hints))                Some hints have been written 
(minitoc(hints))                in the report.log file.

[15

] (report.aux)
 ***********
LaTeX2e <2023-11-01> patch level 1
L3 programming layer <2024-03-14>
 ***********
Package rerunfilecheck Info: File `report.out' has not changed.
(rerunfilecheck)             Checksum: 6D00432FAE712BEDF815678D42DC590B;2919.
 ) 
Here is how much of TeX's memory you used:
 20732 strings out of 474424
 330464 string characters out of 5741739
 2105496 words of memory out of 5000000
 42568 multiletter control sequences out of 15000+600000
 571942 words of font info for 87 fonts, out of 8000000 for 9000
 1141 hyphenation exceptions out of 8191
 75i,11n,79p,413b,2797s stack positions out of 10000i,1000n,20000p,200000b,200000s
 <C:\Users\genna\AppData\Local\MiKTeX\fonts/pk/ljfour/jknappen/ec/dpi600\tctt0900.pk> <C:\Users\genna\AppData\Local\MiKTeX\fonts/pk/ljfour/jknappen/ec/dpi600\tcrm1000.pk><C:/Users/genna/AppData/Local/Programs/MiKTeX/fonts/type1/public/amsfonts/cm/cmbx10.pfb><C:/Users/genna/AppData/Local/Programs/MiKTeX/fonts/type1/public/amsfonts/cm/cmbx12.pfb><C:/Users/genna/AppData/Local/Programs/MiKTeX/fonts/type1/public/amsfonts/cm/cmbx8.pfb><C:/Users/genna/AppData/Local/Programs/MiKTeX/fonts/type1/public/amsfonts/cm/cmmi10.pfb><C:/Users/genna/AppData/Local/Programs/MiKTeX/fonts/type1/public/amsfonts/cm/cmr10.pfb><C:/Users/genna/AppData/Local/Programs/MiKTeX/fonts/type1/public/amsfonts/cm/cmr12.pfb><C:/Users/genna/AppData/Local/Programs/MiKTeX/fonts/type1/public/amsfonts/cm/cmr6.pfb><C:/Users/genna/AppData/Local/Programs/MiKTeX/fonts/type1/public/amsfonts/cm/cmr7.pfb><C:/Users/genna/AppData/Local/Programs/MiKTeX/fonts/type1/public/amsfonts/cm/cmr8.pfb><C:/Users/genna/AppData/Local/Programs/MiKTeX/fonts/type1/public/amsfonts/cm/cmr9.pfb><C:/Users/genna/AppData/Local/Programs/MiKTeX/fonts/type1/public/amsfonts/cm/cmtt10.pfb><C:/Users/genna/AppData/Local/Programs/MiKTeX/fonts/type1/public/amsfonts/cm/cmtt8.pfb><C:/Users/genna/AppData/Local/Programs/MiKTeX/fonts/type1/public/amsfonts/cm/cmtt9.pfb>
Output written on report.pdf (16 pages, 1781860 bytes).
PDF statistics:
 436 PDF objects out of 1000 (max. 8388607)
 177 named destinations out of 1000 (max. 500000)
 175 words of extra memory for PDF output out of 10000 (max. 10000000)

