\BOOKMARK [0][-]{chapter.1}{\376\377\000I\000n\000t\000r\000o\000d\000u\000z\000i\000o\000n\000e}{}% 1
\BOOKMARK [1][-]{section.1.1}{\376\377\000P\000r\000o\000b\000l\000e\000m\000a\000t\000i\000c\000a}{chapter.1}% 2
\BOOKMARK [1][-]{section.1.2}{\376\377\000S\000c\000o\000p\000o\000\040\000d\000e\000l\000\040\000p\000r\000o\000g\000e\000t\000t\000o}{chapter.1}% 3
\BOOKMARK [0][-]{chapter.2}{\376\377\000T\000a\000b\000e\000l\000l\000e\000\040\000d\000e\000l\000l\000e\000\040\000f\000r\000e\000q\000u\000e\000n\000z\000e}{}% 4
\BOOKMARK [0][-]{chapter.3}{\376\377\000R\000a\000p\000p\000r\000e\000s\000e\000n\000t\000a\000z\000i\000o\000n\000e\000\040\000d\000e\000i\000\040\000d\000a\000t\000i\000\040\000m\000e\000d\000i\000a\000n\000t\000e\000\040\000g\000r\000a\000f\000i\000c\000i}{}% 5
\BOOKMARK [0][-]{chapter.4}{\376\377\000I\000n\000d\000i\000c\000i\000\040\000d\000i\000\040\000p\000o\000s\000i\000z\000i\000o\000n\000e}{}% 6
\BOOKMARK [1][-]{section.4.1}{\376\377\000M\000e\000d\000i\000a\000\040\000c\000a\000m\000p\000i\000o\000n\000a\000r\000i\000a}{chapter.4}% 7
\BOOKMARK [1][-]{section.4.2}{\376\377\000M\000e\000d\000i\000a\000n\000a\000\040\000c\000a\000m\000p\000i\000o\000n\000a\000r\000i\000a}{chapter.4}% 8
\BOOKMARK [1][-]{section.4.3}{\376\377\000M\000o\000d\000a\000\040\000c\000a\000m\000p\000i\000o\000n\000a\000r\000i\000a}{chapter.4}% 9
\BOOKMARK [0][-]{chapter.5}{\376\377\000I\000n\000d\000i\000c\000i\000\040\000d\000i\000\040\000v\000a\000r\000i\000a\000b\000i\000l\000i\000t\000\340}{}% 10
\BOOKMARK [1][-]{section.5.1}{\376\377\000V\000a\000r\000i\000a\000n\000z\000a\000\040\000c\000a\000m\000p\000i\000o\000n\000a\000r\000i\000a}{chapter.5}% 11
\BOOKMARK [1][-]{section.5.2}{\376\377\000D\000e\000v\000i\000a\000z\000i\000o\000n\000e\000\040\000s\000t\000a\000n\000d\000a\000r\000d\000\040\000c\000a\000m\000p\000i\000o\000n\000a\000r\000i\000a}{chapter.5}% 12
\BOOKMARK [1][-]{section.5.3}{\376\377\000S\000c\000a\000r\000t\000o\000\040\000m\000e\000d\000i\000o\000\040\000a\000s\000s\000o\000l\000u\000t\000o}{chapter.5}% 13
\BOOKMARK [1][-]{section.5.4}{\376\377\000A\000m\000p\000i\000e\000z\000z\000a\000\040\000d\000e\000l\000\040\000c\000a\000m\000p\000o\000\040\000d\000i\000\040\000v\000a\000r\000i\000a\000z\000i\000o\000n\000e}{chapter.5}% 14
\BOOKMARK [1][-]{section.5.5}{\376\377\000C\000o\000e\000f\000f\000i\000c\000i\000e\000n\000t\000e\000\040\000d\000i\000\040\000v\000a\000r\000i\000a\000z\000i\000o\000n\000e}{chapter.5}% 15
\BOOKMARK [0][-]{chapter.6}{\376\377\000I\000n\000d\000i\000c\000i\000\040\000d\000i\000\040\000f\000o\000r\000m\000a}{}% 16
\BOOKMARK [1][-]{section.6.1}{\376\377\000I\000n\000d\000i\000c\000e\000\040\000d\000i\000\040\000a\000s\000i\000m\000m\000e\000t\000r\000i\000a}{chapter.6}% 17
\BOOKMARK [1][-]{section.6.2}{\376\377\000I\000n\000d\000i\000c\000e\000\040\000d\000i\000\040\000c\000u\000r\000t\000o\000s\000i}{chapter.6}% 18
\BOOKMARK [0][-]{chapter.7}{\376\377\000P\000e\000r\000c\000e\000n\000t\000i\000l\000i\000\040\000c\000a\000m\000p\000i\000o\000n\000a\000r\000i}{}% 19
\BOOKMARK [1][-]{section.7.1}{\376\377\000B\000o\000x\000\040\000P\000l\000o\000t}{chapter.7}% 20
\BOOKMARK [1][-]{section.7.2}{\376\377\000D\000i\000s\000u\000g\000u\000a\000g\000l\000i\000a\000n\000z\000a\000\040\000d\000i\000\040\000C\000h\000e\000b\000y\000s\000h\000e\000v}{chapter.7}% 21
\BOOKMARK [1][-]{section.7.3}{\376\377\000D\000a\000t\000i\000\040\000B\000i\000v\000a\000r\000i\000a\000t\000i}{chapter.7}% 22
\BOOKMARK [2][-]{subsection.7.3.1}{\376\377\000D\000i\000a\000g\000r\000a\000m\000m\000a\000\040\000a\000\040\000d\000i\000s\000p\000e\000r\000s\000i\000o\000n\000e}{section.7.3}% 23
\BOOKMARK [2][-]{subsection.7.3.2}{\376\377\000C\000o\000e\000f\000f\000i\000c\000i\000e\000n\000t\000e\000\040\000d\000i\000\040\000c\000o\000r\000r\000e\000l\000a\000z\000i\000o\000n\000e\000\040\000c\000a\000m\000p\000i\000o\000n\000a\000r\000i\000o}{section.7.3}% 24
\BOOKMARK [2][-]{subsection.7.3.3}{\376\377\000R\000e\000t\000t\000a\000\040\000d\000i\000\040\000r\000e\000g\000r\000e\000s\000s\000i\000o\000n\000e\000\040\000s\000t\000i\000m\000a\000t\000a}{section.7.3}% 25
